<?xml version="1.0" encoding="UTF-8"?>
<!-- Generated by org.testng.reporters.JUnitReportReporter -->
<testsuite skipped="0" hostname="DESKTOP-G8RIQNG" name="PkgCI3.ClsCI31" tests="1" failures="0" timestamp="31 Dec 2019 01:30:36 GMT" time="4.538" errors="0">
  <testcase name="f" time="4.538" classname="PkgCI3.ClsCI31"/>
</testsuite> <!-- PkgCI3.ClsCI31 -->
